[debug] [2022-06-02T19:05:57.858Z] ----------------------------------------------------------------------
[debug] [2022-06-02T19:05:57.859Z] Command:       /usr/local/bin/node /usr/local/bin/firebase deploy
[debug] [2022-06-02T19:05:57.859Z] CLI Version:   10.8.0
[debug] [2022-06-02T19:05:57.859Z] Platform:      darwin
[debug] [2022-06-02T19:05:57.859Z] Node Version:  v16.14.0
[debug] [2022-06-02T19:05:57.867Z] Time:          Thu Jun 02 2022 13:05:57 GMT-0600 (Mountain Daylight Time)
[debug] [2022-06-02T19:05:57.867Z] ----------------------------------------------------------------------
[debug] 
[debug] [2022-06-02T19:05:57.869Z] >>> [apiv2][query] GET https://firebase-public.firebaseio.com/cli.json [none]
[debug] [2022-06-02T19:05:57.929Z] > command requires scopes: ["email","openid","https://www.googleapis.com/auth/cloudplatformprojects.readonly","https://www.googleapis.com/auth/firebase","https://www.googleapis.com/auth/cloud-platform"]
[debug] [2022-06-02T19:05:57.929Z] > authorizing via signed-in user (harry.fray7@gmail.com)
[debug] [2022-06-02T19:05:57.929Z] [iam] checking project old-school-fiesta for permissions ["firebase.projects.get","firebasehosting.sites.update"]
[debug] [2022-06-02T19:05:57.930Z] > refreshing access token with scopes: []
[debug] [2022-06-02T19:05:57.930Z] >>> HTTP REQUEST POST https://www.googleapis.com/oauth2/v3/token  
 <request body omitted>
[debug] [2022-06-02T19:05:58.000Z] <<< [apiv2][status] GET https://firebase-public.firebaseio.com/cli.json 200
[debug] [2022-06-02T19:05:58.001Z] <<< [apiv2][body] GET https://firebase-public.firebaseio.com/cli.json {"cloudBuildErrorAfter":1594252800000,"cloudBuildWarnAfter":1590019200000,"defaultNode10After":1594252800000,"minVersion":"3.0.5","node8DeploysDisabledAfter":1613390400000,"node8RuntimeDisabledAfter":1615809600000,"node8WarnAfter":1600128000000}
[debug] [2022-06-02T19:05:58.051Z] <<< HTTP RESPONSE 200 {"cache-control":"no-cache, no-store, max-age=0, must-revalidate","expires":"Mon, 01 Jan 1990 00:00:00 GMT","pragma":"no-cache","date":"Thu, 02 Jun 2022 19:05:58 GMT","content-type":"application/json; charset=utf-8","vary":"X-Origin, Referer, Origin,Accept-Encoding","server":"scaffolding on HTTPServer2","x-xss-protection":"0","x-frame-options":"SAMEORIGIN","x-content-type-options":"nosniff","alt-svc":"h3=\":443\"; ma=2592000,h3-29=\":443\"; ma=2592000,h3-Q050=\":443\"; ma=2592000,h3-Q046=\":443\"; ma=2592000,h3-Q043=\":443\"; ma=2592000,quic=\":443\"; ma=2592000; v=\"46,43\"","accept-ranges":"none","transfer-encoding":"chunked"}
[debug] [2022-06-02T19:05:58.096Z] >>> [apiv2][query] POST https://cloudresourcemanager.googleapis.com/v1/projects/old-school-fiesta:testIamPermissions [none]
[debug] [2022-06-02T19:05:58.096Z] >>> [apiv2][body] POST https://cloudresourcemanager.googleapis.com/v1/projects/old-school-fiesta:testIamPermissions {"permissions":["firebase.projects.get","firebasehosting.sites.update"]}
[debug] [2022-06-02T19:05:58.275Z] <<< [apiv2][status] POST https://cloudresourcemanager.googleapis.com/v1/projects/old-school-fiesta:testIamPermissions 200
[debug] [2022-06-02T19:05:58.276Z] <<< [apiv2][body] POST https://cloudresourcemanager.googleapis.com/v1/projects/old-school-fiesta:testIamPermissions {"permissions":["firebase.projects.get","firebasehosting.sites.update"]}
[debug] [2022-06-02T19:05:58.277Z] >>> [apiv2][query] GET https://firebase.googleapis.com/v1beta1/projects/old-school-fiesta [none]
[debug] [2022-06-02T19:05:58.473Z] <<< [apiv2][status] GET https://firebase.googleapis.com/v1beta1/projects/old-school-fiesta 200
[debug] [2022-06-02T19:05:58.473Z] <<< [apiv2][body] GET https://firebase.googleapis.com/v1beta1/projects/old-school-fiesta {"projectId":"old-school-fiesta","projectNumber":"195620709873","displayName":"Old Sol Fiesta","name":"projects/old-school-fiesta","resources":{"hostingSite":"old-school-fiesta","realtimeDatabaseInstance":"old-school-fiesta-default-rtdb"},"state":"ACTIVE"}
[info] 
[info] === Deploying to 'old-school-fiesta'...
[info] 
[info] i  deploying hosting 
[debug] [2022-06-02T19:05:58.476Z] >>> [apiv2][query] GET https://firebase.googleapis.com/v1beta1/projects/old-school-fiesta [none]
[debug] [2022-06-02T19:05:58.624Z] <<< [apiv2][status] GET https://firebase.googleapis.com/v1beta1/projects/old-school-fiesta 200
[debug] [2022-06-02T19:05:58.624Z] <<< [apiv2][body] GET https://firebase.googleapis.com/v1beta1/projects/old-school-fiesta {"projectId":"old-school-fiesta","projectNumber":"195620709873","displayName":"Old Sol Fiesta","name":"projects/old-school-fiesta","resources":{"hostingSite":"old-school-fiesta","realtimeDatabaseInstance":"old-school-fiesta-default-rtdb"},"state":"ACTIVE"}
[debug] [2022-06-02T19:05:58.626Z] >>> [apiv2][query] POST https://firebasehosting.googleapis.com/v1beta1/projects/195620709873/sites/old-school-fiesta/versions [none]
[debug] [2022-06-02T19:05:58.627Z] >>> [apiv2][body] POST https://firebasehosting.googleapis.com/v1beta1/projects/195620709873/sites/old-school-fiesta/versions {"config":{"rewrites":[{"glob":"**","path":"/index.html"}]},"labels":{"deployment-tool":"cli-firebase"}}
[debug] [2022-06-02T19:06:08.775Z] <<< [apiv2][status] POST https://firebasehosting.googleapis.com/v1beta1/projects/195620709873/sites/old-school-fiesta/versions 503
[debug] [2022-06-02T19:06:08.775Z] <<< [apiv2][body] POST https://firebasehosting.googleapis.com/v1beta1/projects/195620709873/sites/old-school-fiesta/versions {"error":{"code":503,"message":"The service is currently unavailable.","status":"UNAVAILABLE"}}
[error] 
[error] Error: HTTP Error: 503, The service is currently unavailable.
[debug] [2022-06-02T19:06:08.828Z] Error Context: {
  "body": {
    "error": {
      "code": 503,
      "message": "The service is currently unavailable.",
      "status": "UNAVAILABLE"
    }
  },
  "response": {
    "statusCode": 503
  }
}
